 vmodule.Sub = \
 module_params.o \
 module_emparams.o \
 module_camera.o \
 module_CGSetc.o \
 module_Diags.o \
 module_dielec.o \
 module_Doflags.o \
 module_DqlBins.o \
 module_emitter.o \
 module_Escan.o \
 module_FeBins.o \
 module_gnuI.o \
 module_gnuR.o \
 module_Implic4Cray.o \
 module_Implic4Fuj.o \
 module_Implic4G77.o \
 module_Implic.o \
 module_ImplicNoneOnly.o \
 module_Implic_r8.o \
 module_RayWrk.o \
 module_Jrf.o \
 module_RayBins.o \
 module_Ramppwr.o \
 module_PlPr.o \
 module_Inpval.o \
 module_Labels.o \
 module_local1d.o \
 module_MKSetc.o \
 module_numerics.o \
 module_PIetc.o \
 module_plcmx.o \
 module_plotf.o \
 module_power.o \
 module_ProfBody.o \
 module_sgIbk.o \
 module_sgRbk.o \
 module_TSCgrap.o \
 module_tscunits.o \
 module_WkAry.o \
 module_xgraphs.o \
 module_xparams.o \
 module_Xray.o
