 vsource.Sub = \
 xptcalc.o \
 binary.o \
 svd1.o \
 divplat.o \
 divdis.o \
 temprise.o \
 cucpvst.o \
 sscpvst.o \
 fndt.o \
 fluxmod.o \
 gvectz.o \
 rloads1d.o \
 impdtst.o \
 impinit.o \
 itervv.o \
 maskout.o \
 popcon.o \
 powers.o \
 forms.o \
 palfa.o \
 pauxc.o \
 simson.o \
 pelkut.o \
 shpcntl.o \
 svd2.o \
 tridiag.o \
 chop.o \
 hyper.o \
 lingpl3.o \
 lingpl2.o \
 lingplt.o \
 appvolt.o \
 d3dvv.o \
 balloon.o \
 intgrte.o \
 der.o \
 walld.o \
 de.o \
 step.o \
 intrp.o \
 control.o \
 PULLn.o \
 spdd3d.o \
 advimp1d.o \
 pelsource.o \
 jetsource.o \
 jeton.o \
 IFSPPPL.o \
 mmm95.o \
 callglf2d.o \
 glf2d.o \
 cgg_glf.o \
 cbal.o \
 corth.o \
 comqr2.o \
 cbabk2.o \
 comqr.o \
 DLAPY3GF.o \
 csroot.o \
 cdiv.o \
 r8tomsqz.o \
 ohe_model.o \
 lookup.o \
 lookup2.o \
 alogxx.o \
 impdata.o \
 spdmast.o \
 spdmasto.o \
 spdnstx.o \
 spdnstxo.o \
 weiland14.o \
 weiland14flux.o \
 TOMSQZ.o \
 CQZHES.o \
 CQZVAL.o \
 CQZVEC.o \
 zgeev.o 
